=== 2026-05-25T15:49:23.105Z ===
runtime_pid=85205
ESTABLISHED 1
LISTEN 2
SYN_SENT 0
CLOSE_WAIT 0
OTHER 0
REMOTE443 0
TCP_TOTAL 3
FD_TOTAL 217
=== 2026-05-25T15:49:25.222Z ===
runtime_pid=85205
ESTABLISHED 1
LISTEN 2
SYN_SENT 0
CLOSE_WAIT 0
OTHER 0
REMOTE443 0
TCP_TOTAL 3
FD_TOTAL 217
=== 2026-05-25T15:49:27.340Z ===
runtime_pid=85205
ESTABLISHED 1
LISTEN 2
SYN_SENT 0
CLOSE_WAIT 0
OTHER 0
REMOTE443 0
TCP_TOTAL 3
FD_TOTAL 217
=== 2026-05-25T15:49:29.471Z ===
runtime_pid=85205
ESTABLISHED 1
LISTEN 2
SYN_SENT 0
CLOSE_WAIT 0
OTHER 0
REMOTE443 0
TCP_TOTAL 3
FD_TOTAL 217
